<?xml version="1.0" encoding="UTF-8"?>
<!-- Generated by org.testng.reporters.JUnitXMLReporter -->
<testsuite hostname="Vishals-MacBook-Air-2.local" name="Default test" tests="3" failures="0" timestamp="25 Oct 2017 12:59:41 GMT" time="21.258" errors="0">
  <testcase name="LaunchChromeBrowser" time="1.554" classname="test.automation.ServifyTestAutomation"/>
  <testcase name="OpenLinkServify360DashbordUrl" time="3.04" classname="test.automation.ServifyTestAutomation"/>
  <testcase name="UserLoginServify360Dashbord" time="16.637" classname="test.automation.ServifyTestAutomation"/>
</testsuite> <!-- Default test -->
