<?xml version="1.0" encoding="UTF-8"?>
<!-- Generated by org.testng.reporters.JUnitXMLReporter -->
<testsuite hostname="Vishals-MacBook-Air-2.local" name="Test" tests="3" failures="0" timestamp="25 Oct 2017 10:17:42 GMT" time="17.923" errors="0">
  <testcase name="LaunchChromeBrowser" time="2.285" classname="test.automation.ServifyTestAutomation"/>
  <testcase name="OpenLinkServify360DashbordUrl" time="3.04" classname="test.automation.ServifyTestAutomation"/>
  <testcase name="UserLoginServify360Dashbord" time="12.561" classname="test.automation.ServifyTestAutomation"/>
</testsuite> <!-- Test -->
