<?xml version="1.0" encoding="UTF-8"?>
<testng-results skipped="0" failed="0" total="3" passed="3">
  <reporter-output>
  </reporter-output>
  <suite name="Default suite" duration-ms="22015" started-at="2017-10-25T11:24:09Z" finished-at="2017-10-25T11:24:31Z">
    <groups>
    </groups>
    <test name="Default test" duration-ms="22015" started-at="2017-10-25T11:24:09Z" finished-at="2017-10-25T11:24:31Z">
      <class name="test.automation.ServifyTestAutomation">
        <test-method status="PASS" signature="LaunchChromeBrowser()[pri:1, instance:test.automation.ServifyTestAutomation@71318ec4]" name="LaunchChromeBrowser" duration-ms="2274" started-at="2017-10-25T16:54:09Z" finished-at="2017-10-25T16:54:11Z">
          <reporter-output>
          </reporter-output>
        </test-method> <!-- LaunchChromeBrowser -->
        <test-method status="PASS" signature="OpenLinkServify360DashbordUrl()[pri:2, instance:test.automation.ServifyTestAutomation@71318ec4]" name="OpenLinkServify360DashbordUrl" duration-ms="3138" started-at="2017-10-25T16:54:11Z" finished-at="2017-10-25T16:54:14Z">
          <reporter-output>
          </reporter-output>
        </test-method> <!-- OpenLinkServify360DashbordUrl -->
        <test-method status="PASS" signature="UserLoginServify360Dashbord()[pri:3, instance:test.automation.ServifyTestAutomation@71318ec4]" name="UserLoginServify360Dashbord" duration-ms="16565" started-at="2017-10-25T16:54:14Z" finished-at="2017-10-25T16:54:31Z">
          <reporter-output>
          </reporter-output>
        </test-method> <!-- UserLoginServify360Dashbord -->
      </class> <!-- test.automation.ServifyTestAutomation -->
    </test> <!-- Default test -->
  </suite> <!-- Default suite -->
</testng-results>
